X11
_ansi.h
_fake_defines.h
_fake_typedefs.h
_syslist.h
aio.h
alloca.h
ar.h
argz.h
arpa
asm-generic
assert.h
complex.h
cpio.h
ctype.h
dirent.h
dlfcn.h
emmintrin.h
endian.h
envz.h
errno.h
fastmath.h
fcntl.h
features.h
fenv.h
float.h
fmtmsg.h
fnmatch.h
ftw.h
getopt.h
glob.h
grp.h
iconv.h
ieeefp.h
immintrin.h
inttypes.h
iso646.h
langinfo.h
libgen.h
libintl.h
limits.h
linux
locale.h
ls.out
malloc.h
math.h
mir_toolkit
monetary.h
mqueue.h
ndbm.h
net
netdb.h
netinet
newlib.h
nl_types.h
openssl
paths.h
poll.h
process.h
pthread.h
pwd.h
reent.h
regdef.h
regex.h
sched.h
search.h
semaphore.h
setjmp.h
signal.h
smmintrin.h
spawn.h
stdarg.h
stdbool.h
stddef.h
stdint.h
stdio.h
stdlib.h
string.h
strings.h
stropts.h
sys
syslog.h
tar.h
termios.h
tgmath.h
time.h
trace.h
ulimit.h
unctrl.h
unistd.h
utime.h
utmp.h
utmpx.h
wchar.h
wctype.h
wordexp.h
xcb
zlib.h
